{
  "RSpec": {
    "coverage": {
      "/Users/systho/Projects/hockeyapp/lib/hockeyapp.rb": [
        1,
        1,
        1,
        1,
        1,
        1,
        1,
        1,
        1,
        1,
        null,
        null,
        null,
        null
      ],
      "/Users/systho/Projects/hockeyapp/lib/hockeyapp/models/active_model_compliance.rb": [
        1,
        1,
        1,
        76,
        null,
        1,
        4,
        null,
        null,
        null,
        null,
        null,
        null
      ],
      "/Users/systho/Projects/hockeyapp/lib/hockeyapp/models/app.rb": [
        1,
        1,
        1,
        1,
        1,
        1,
        null,
        1,
        null,
        null,
        1,
        null,
        null,
        1,
        64,
        64,
        704,
        null,
        64,
        null,
        null,
        1,
        64,
        null,
        null,
        1,
        1,
        null,
        null,
        null,
        null,
        1,
        3,
        null,
        null,
        1,
        3,
        null,
        null,
        1,
        2,
        null,
        null,
        1,
        1,
        null,
        null,
        1,
        null,
        1,
        null,
        1,
        1,
        1,
        0,
        0,
        null,
        null,
        null,
        null
      ],
      "/Users/systho/Projects/hockeyapp/lib/hockeyapp/models/crash.rb": [
        1,
        1,
        1,
        1,
        1,
        1,
        null,
        1,
        null,
        null,
        1,
        1,
        null,
        null,
        1,
        45,
        45,
        720,
        null,
        45,
        null,
        null,
        1,
        45,
        45,
        null,
        null,
        null,
        1,
        2,
        null,
        null,
        1,
        2,
        null,
        null,
        null,
        1,
        null,
        1,
        null,
        null,
        null,
        null
      ],
      "/Users/systho/Projects/hockeyapp/lib/hockeyapp/models/version.rb": [
        1,
        1,
        1,
        1,
        1,
        1,
        null,
        1,
        null,
        null,
        1,
        null,
        1,
        null,
        null,
        null,
        null,
        null,
        1,
        null,
        null,
        null,
        null,
        1,
        null,
        null,
        null,
        null,
        1,
        1,
        1,
        null,
        1,
        1,
        1,
        null,
        null,
        1,
        41,
        41,
        451,
        null,
        41,
        null,
        null,
        1,
        45,
        45,
        null,
        null,
        1,
        1,
        null,
        null,
        1,
        2,
        null,
        null,
        1,
        2,
        null,
        null,
        null,
        1,
        1,
        null,
        null,
        null
      ],
      "/Users/systho/Projects/hockeyapp/lib/hockeyapp/models/crash_group.rb": [
        1,
        1,
        1,
        1,
        1,
        1,
        null,
        1,
        null,
        null,
        null,
        1,
        1,
        null,
        null,
        1,
        30,
        30,
        480,
        null,
        30,
        30,
        null,
        null,
        1,
        30,
        30,
        null,
        null,
        null,
        1,
        null,
        1,
        null,
        null,
        null
      ],
      "/Users/systho/Projects/hockeyapp/lib/hockeyapp/ws/ws.rb": [
        1,
        null,
        1,
        1,
        1,
        1,
        1,
        1,
        null,
        null,
        1,
        1,
        1,
        0,
        null,
        null,
        null,
        1,
        0,
        null,
        null,
        null,
        1,
        0,
        null,
        null,
        1,
        0,
        null,
        null,
        null,
        1,
        0,
        0,
        0,
        0,
        null,
        null,
        null,
        1,
        0,
        0,
        0,
        0,
        null,
        null,
        1,
        0,
        null,
        null,
        1,
        0,
        null,
        null,
        null,
        null,
        null,
        null,
        null,
        0,
        0,
        null,
        null,
        null,
        null,
        null
      ],
      "/Users/systho/Projects/hockeyapp/lib/hockeyapp/ws/client.rb": [
        1,
        1,
        null,
        1,
        64,
        null,
        null,
        1,
        3,
        3,
        6,
        null,
        null,
        1,
        3,
        3,
        33,
        null,
        null,
        1,
        3,
        3,
        24,
        null,
        null,
        1,
        1,
        null,
        null,
        1,
        1,
        null,
        null,
        1,
        3,
        3,
        30,
        null,
        null,
        1,
        4,
        4,
        3,
        3,
        null,
        null,
        null,
        null,
        1,
        null,
        1,
        null,
        1,
        12,
        12,
        null,
        null,
        null,
        null
      ],
      "/Users/systho/Projects/hockeyapp/lib/hockeyapp/config.rb": [
        1,
        1,
        1,
        null,
        1,
        null,
        1,
        null,
        1,
        2,
        null,
        null,
        1,
        4,
        null,
        null,
        null,
        null
      ]
    },
    "timestamp": 1327656602
  }
}
